
OpenSBI v0.4 (Jul  2 2019 11:53:53)
   ____                    _____ ____ _____
  / __ \                  / ____|  _ \_   _|
 | |  | |_ __   ___ _ __ | (___ | |_) || |
 | |  | | '_ \ / _ \ '_ \ \___ \|  _ < | |
 | |__| | |_) |  __/ | | |____) | |_) || |_
  \____/| .__/ \___|_| |_|_____/|____/_____|
        | |
        |_|

Platform Name          : QEMU Virt Machine
Platform HART Features : RV64ACDFIMSU
Platform Max HARTs     : 8
Current Hart           : 0
Firmware Base          : 0x80000000
Firmware Size          : 112 KB
Runtime SBI Version    : 0.1

PMP0: 0x0000000080000000-0x000000008001ffff (A)
PMP1: 0x0000000000000000-0xffffffffffffffff (A,R,W,X)
(NKU.CST) os is loading ...
Special kernel symbols:
  entry  0xffffffffc0200036 (virtual)
  etext  0xffffffffc0201cf2 (virtual)
  edata  0xffffffffc0206018 (virtual)
  end    0xffffffffc0206480 (virtual)
Kernel executable memory footprint: 26KB
memory management: best_fit_pmm_manager
physcial memory map:
  memory: 0x0000000007e00000, [0x0000000080200000, 0x0000000087ffffff].
maxpa: 0x0000000088000000.
npage: 0x0000000000088000.
nbase: 0x0000000000080000.
end pythical address: 0x0000000080206480.
pages pythical address: 0x0000000080207000.
pages[0] pythical address: 0x0000000080207000.
pages[1] pythical address: 0x0000000080207028.
pages[2] pythical address: 0x0000000080207050.
pages[3] pythical address: 0x0000000080207078.
pages[4] pythical address: 0x00000000802070a0.
page结构体大小: 0x0000000000000028.
freemem: 0x0000000080347000.
mem_begin: 0x0000000080347000.
mem_end: 0x0000000088000000.
mem_begin对应的页结构记录(结构体page)虚拟地址: 0xffffffffc020f318.
mem_begin对应的页结构记录(结构体page)物理地址: 0x000000008020f318.
可用空闲页的数目: 0x0000000000007cb9.
check_alloc_page() succeeded!
satp virtual address: 0xffffffffc0205000
satp physical address: 0x0000000080205000
++ setup timer interrupts
100 ticks
100 ticks
100 ticks
100 ticks
100 ticks
100 ticks
100 ticks
100 ticks
100 ticks
100 ticks
100 ticks
